<?xml version="1.0" encoding="UTF-8"?>
<!-- Generated by org.testng.reporters.JUnitReportReporter -->
<testsuite hostname="PanneerSelvam" failures="0" tests="16" name="org.test.Sampletestng" time="0.061" errors="0" timestamp="04 Apr 2021 16:41:20 GMT" skipped="0">
  <testcase classname="org.test.Sampletestng" name="tc5" time="0.006"/>
  <testcase classname="org.test.Sampletestng" name="tc6" time="0.003"/>
  <testcase classname="org.test.Sampletestng" name="tc3" time="0.002"/>
  <testcase classname="org.test.Sampletestng" name="tc4" time="0.002"/>
  <testcase classname="org.test.Sampletestng" name="tc1" time="0.002"/>
  <testcase classname="org.test.Sampletestng" name="tc1" time="0.003"/>
  <testcase classname="org.test.Sampletestng" name="tc2" time="0.003"/>
  <testcase classname="org.test.Sampletestng" name="tc2" time="0.003"/>
  <testcase classname="org.test.Sampletestng" name="tc2" time="0.009"/>
  <testcase classname="org.test.Sampletestng" name="tc2" time="0.002"/>
  <testcase classname="org.test.Sampletestng" name="tc2" time="0.004"/>
  <testcase classname="org.test.Sampletestng" name="tc2" time="0.003"/>
  <testcase classname="org.test.Sampletestng" name="tc2" time="0.003"/>
  <testcase classname="org.test.Sampletestng" name="tc2" time="0.004"/>
  <testcase classname="org.test.Sampletestng" name="tc2" time="0.011"/>
  <testcase classname="org.test.Sampletestng" name="tc2" time="0.001"/>
</testsuite> <!-- org.test.Sampletestng -->
